2025-10-16 15:35:38 [ERROR]: 未捕获的异常: @prisma/client did not initialize yet. Please run "prisma generate" and try to import it again.
Error: @prisma/client did not initialize yet. Please run "prisma generate" and try to import it again.
    at new PrismaClient (c:\universe\GitHub_try\IEclub_dev\ieclub-backend\node_modules\.prisma\client\default.js:43:11)
    at Object.<anonymous> (c:\universe\GitHub_try\IEclub_dev\ieclub-backend\src\middleware\auth.js:10:16)
    at Module._compile (node:internal/modules/cjs/loader:1688:14)
    at Object..js (node:internal/modules/cjs/loader:1820:10)
    at Module.load (node:internal/modules/cjs/loader:1423:32)
    at Function._load (node:internal/modules/cjs/loader:1246:12)
    at TracingChannel.traceSync (node:diagnostics_channel:322:14)
    at wrapModuleLoad (node:internal/modules/cjs/loader:235:24)
    at Module.require (node:internal/modules/cjs/loader:1445:12)
    at require (node:internal/modules/helpers:135:16)
2025-10-16 19:42:33 [ERROR]: 未捕获的异常: @prisma/client did not initialize yet. Please run "prisma generate" and try to import it again.
Error: @prisma/client did not initialize yet. Please run "prisma generate" and try to import it again.
    at new PrismaClient (c:\universe\GitHub_try\IEclub_dev\ieclub-backend\node_modules\.prisma\client\default.js:43:11)
    at Object.<anonymous> (c:\universe\GitHub_try\IEclub_dev\ieclub-backend\src\middleware\auth.js:10:16)
    at Module._compile (node:internal/modules/cjs/loader:1688:14)
    at Object..js (node:internal/modules/cjs/loader:1820:10)
    at Module.load (node:internal/modules/cjs/loader:1423:32)
    at Function._load (node:internal/modules/cjs/loader:1246:12)
    at TracingChannel.traceSync (node:diagnostics_channel:322:14)
    at wrapModuleLoad (node:internal/modules/cjs/loader:235:24)
    at Module.require (node:internal/modules/cjs/loader:1445:12)
    at require (node:internal/modules/helpers:135:16)
2025-10-16 19:42:34 [ERROR]: 未捕获的异常: @prisma/client did not initialize yet. Please run "prisma generate" and try to import it again.
Error: @prisma/client did not initialize yet. Please run "prisma generate" and try to import it again.
    at new PrismaClient (c:\universe\GitHub_try\IEclub_dev\ieclub-backend\node_modules\.prisma\client\default.js:43:11)
    at Object.<anonymous> (c:\universe\GitHub_try\IEclub_dev\ieclub-backend\src\middleware\auth.js:10:16)
    at Module._compile (node:internal/modules/cjs/loader:1688:14)
    at Object..js (node:internal/modules/cjs/loader:1820:10)
    at Module.load (node:internal/modules/cjs/loader:1423:32)
    at Function._load (node:internal/modules/cjs/loader:1246:12)
    at TracingChannel.traceSync (node:diagnostics_channel:322:14)
    at wrapModuleLoad (node:internal/modules/cjs/loader:235:24)
    at Module.require (node:internal/modules/cjs/loader:1445:12)
    at require (node:internal/modules/helpers:135:16)
2025-10-16 20:14:20 [ERROR]: 未捕获的异常: @prisma/client did not initialize yet. Please run "prisma generate" and try to import it again.
Error: @prisma/client did not initialize yet. Please run "prisma generate" and try to import it again.
    at new PrismaClient (c:\universe\GitHub_try\IEclub_dev\ieclub-backend\node_modules\.prisma\client\default.js:43:11)
    at Object.<anonymous> (c:\universe\GitHub_try\IEclub_dev\ieclub-backend\src\middleware\auth.js:10:16)
    at Module._compile (node:internal/modules/cjs/loader:1688:14)
    at Object..js (node:internal/modules/cjs/loader:1820:10)
    at Module.load (node:internal/modules/cjs/loader:1423:32)
    at Function._load (node:internal/modules/cjs/loader:1246:12)
    at TracingChannel.traceSync (node:diagnostics_channel:322:14)
    at wrapModuleLoad (node:internal/modules/cjs/loader:235:24)
    at Module.require (node:internal/modules/cjs/loader:1445:12)
    at require (node:internal/modules/helpers:135:16)
2025-10-16 20:21:33 [ERROR]: 未捕获的异常: @prisma/client did not initialize yet. Please run "prisma generate" and try to import it again.
Error: @prisma/client did not initialize yet. Please run "prisma generate" and try to import it again.
    at new PrismaClient (c:\universe\GitHub_try\IEclub_dev\ieclub-backend\node_modules\.prisma\client\default.js:43:11)
    at Object.<anonymous> (c:\universe\GitHub_try\IEclub_dev\ieclub-backend\src\middleware\auth.js:10:16)
    at Module._compile (node:internal/modules/cjs/loader:1688:14)
    at Object..js (node:internal/modules/cjs/loader:1820:10)
    at Module.load (node:internal/modules/cjs/loader:1423:32)
    at Function._load (node:internal/modules/cjs/loader:1246:12)
    at TracingChannel.traceSync (node:diagnostics_channel:322:14)
    at wrapModuleLoad (node:internal/modules/cjs/loader:235:24)
    at Module.require (node:internal/modules/cjs/loader:1445:12)
    at require (node:internal/modules/helpers:135:16)
2025-10-16 20:21:35 [ERROR]: 未捕获的异常: @prisma/client did not initialize yet. Please run "prisma generate" and try to import it again.
Error: @prisma/client did not initialize yet. Please run "prisma generate" and try to import it again.
    at new PrismaClient (c:\universe\GitHub_try\IEclub_dev\ieclub-backend\node_modules\.prisma\client\default.js:43:11)
    at Object.<anonymous> (c:\universe\GitHub_try\IEclub_dev\ieclub-backend\src\middleware\auth.js:10:16)
    at Module._compile (node:internal/modules/cjs/loader:1688:14)
    at Object..js (node:internal/modules/cjs/loader:1820:10)
    at Module.load (node:internal/modules/cjs/loader:1423:32)
    at Function._load (node:internal/modules/cjs/loader:1246:12)
    at TracingChannel.traceSync (node:diagnostics_channel:322:14)
    at wrapModuleLoad (node:internal/modules/cjs/loader:235:24)
    at Module.require (node:internal/modules/cjs/loader:1445:12)
    at require (node:internal/modules/helpers:135:16)
2025-10-16 20:25:55 [ERROR]: 未捕获的异常: @prisma/client did not initialize yet. Please run "prisma generate" and try to import it again.
Error: @prisma/client did not initialize yet. Please run "prisma generate" and try to import it again.
    at new PrismaClient (c:\universe\GitHub_try\IEclub_dev\ieclub-backend\node_modules\.prisma\client\default.js:43:11)
    at Object.<anonymous> (c:\universe\GitHub_try\IEclub_dev\ieclub-backend\src\middleware\auth.js:10:16)
    at Module._compile (node:internal/modules/cjs/loader:1688:14)
    at Object..js (node:internal/modules/cjs/loader:1820:10)
    at Module.load (node:internal/modules/cjs/loader:1423:32)
    at Function._load (node:internal/modules/cjs/loader:1246:12)
    at TracingChannel.traceSync (node:diagnostics_channel:322:14)
    at wrapModuleLoad (node:internal/modules/cjs/loader:235:24)
    at Module.require (node:internal/modules/cjs/loader:1445:12)
    at require (node:internal/modules/helpers:135:16)
2025-10-16 20:25:57 [ERROR]: 未捕获的异常: @prisma/client did not initialize yet. Please run "prisma generate" and try to import it again.
Error: @prisma/client did not initialize yet. Please run "prisma generate" and try to import it again.
    at new PrismaClient (c:\universe\GitHub_try\IEclub_dev\ieclub-backend\node_modules\.prisma\client\default.js:43:11)
    at Object.<anonymous> (c:\universe\GitHub_try\IEclub_dev\ieclub-backend\src\middleware\auth.js:10:16)
    at Module._compile (node:internal/modules/cjs/loader:1688:14)
    at Object..js (node:internal/modules/cjs/loader:1820:10)
    at Module.load (node:internal/modules/cjs/loader:1423:32)
    at Function._load (node:internal/modules/cjs/loader:1246:12)
    at TracingChannel.traceSync (node:diagnostics_channel:322:14)
    at wrapModuleLoad (node:internal/modules/cjs/loader:235:24)
    at Module.require (node:internal/modules/cjs/loader:1445:12)
    at require (node:internal/modules/helpers:135:16)
2025-10-16 20:26:10 [ERROR]: 未捕获的异常: @prisma/client did not initialize yet. Please run "prisma generate" and try to import it again.
Error: @prisma/client did not initialize yet. Please run "prisma generate" and try to import it again.
    at new PrismaClient (c:\universe\GitHub_try\IEclub_dev\ieclub-backend\node_modules\.prisma\client\default.js:43:11)
    at Object.<anonymous> (c:\universe\GitHub_try\IEclub_dev\ieclub-backend\src\middleware\auth.js:10:16)
    at Module._compile (node:internal/modules/cjs/loader:1688:14)
    at Object..js (node:internal/modules/cjs/loader:1820:10)
    at Module.load (node:internal/modules/cjs/loader:1423:32)
    at Function._load (node:internal/modules/cjs/loader:1246:12)
    at TracingChannel.traceSync (node:diagnostics_channel:322:14)
    at wrapModuleLoad (node:internal/modules/cjs/loader:235:24)
    at Module.require (node:internal/modules/cjs/loader:1445:12)
    at require (node:internal/modules/helpers:135:16)
2025-10-16 20:26:14 [ERROR]: 未捕获的异常: @prisma/client did not initialize yet. Please run "prisma generate" and try to import it again.
Error: @prisma/client did not initialize yet. Please run "prisma generate" and try to import it again.
    at new PrismaClient (c:\universe\GitHub_try\IEclub_dev\ieclub-backend\node_modules\.prisma\client\default.js:43:11)
    at Object.<anonymous> (c:\universe\GitHub_try\IEclub_dev\ieclub-backend\src\middleware\auth.js:10:16)
    at Module._compile (node:internal/modules/cjs/loader:1688:14)
    at Object..js (node:internal/modules/cjs/loader:1820:10)
    at Module.load (node:internal/modules/cjs/loader:1423:32)
    at Function._load (node:internal/modules/cjs/loader:1246:12)
    at TracingChannel.traceSync (node:diagnostics_channel:322:14)
    at wrapModuleLoad (node:internal/modules/cjs/loader:235:24)
    at Module.require (node:internal/modules/cjs/loader:1445:12)
    at require (node:internal/modules/helpers:135:16)
2025-10-16 20:32:15 [ERROR]: 未捕获的异常: @prisma/client did not initialize yet. Please run "prisma generate" and try to import it again.
Error: @prisma/client did not initialize yet. Please run "prisma generate" and try to import it again.
    at new PrismaClient (c:\universe\GitHub_try\IEclub_dev\ieclub-backend\node_modules\.prisma\client\default.js:43:11)
    at Object.<anonymous> (c:\universe\GitHub_try\IEclub_dev\ieclub-backend\src\middleware\auth.js:10:16)
    at Module._compile (node:internal/modules/cjs/loader:1688:14)
    at Object..js (node:internal/modules/cjs/loader:1820:10)
    at Module.load (node:internal/modules/cjs/loader:1423:32)
    at Function._load (node:internal/modules/cjs/loader:1246:12)
    at TracingChannel.traceSync (node:diagnostics_channel:322:14)
    at wrapModuleLoad (node:internal/modules/cjs/loader:235:24)
    at Module.require (node:internal/modules/cjs/loader:1445:12)
    at require (node:internal/modules/helpers:135:16)
2025-10-16 20:32:31 [ERROR]: 未捕获的异常: @prisma/client did not initialize yet. Please run "prisma generate" and try to import it again.
Error: @prisma/client did not initialize yet. Please run "prisma generate" and try to import it again.
    at new PrismaClient (c:\universe\GitHub_try\IEclub_dev\ieclub-backend\node_modules\.prisma\client\default.js:43:11)
    at Object.<anonymous> (c:\universe\GitHub_try\IEclub_dev\ieclub-backend\src\middleware\auth.js:10:16)
    at Module._compile (node:internal/modules/cjs/loader:1688:14)
    at Object..js (node:internal/modules/cjs/loader:1820:10)
    at Module.load (node:internal/modules/cjs/loader:1423:32)
    at Function._load (node:internal/modules/cjs/loader:1246:12)
    at TracingChannel.traceSync (node:diagnostics_channel:322:14)
    at wrapModuleLoad (node:internal/modules/cjs/loader:235:24)
    at Module.require (node:internal/modules/cjs/loader:1445:12)
    at require (node:internal/modules/helpers:135:16)
2025-10-16 21:37:43 [ERROR]: 未捕获的异常: @prisma/client did not initialize yet. Please run "prisma generate" and try to import it again.
Error: @prisma/client did not initialize yet. Please run "prisma generate" and try to import it again.
    at new PrismaClient (c:\universe\GitHub_try\IEclub_dev\ieclub-backend\node_modules\.prisma\client\default.js:43:11)
    at Object.<anonymous> (c:\universe\GitHub_try\IEclub_dev\ieclub-backend\src\middleware\auth.js:10:16)
    at Module._compile (node:internal/modules/cjs/loader:1688:14)
    at Object..js (node:internal/modules/cjs/loader:1820:10)
    at Module.load (node:internal/modules/cjs/loader:1423:32)
    at Function._load (node:internal/modules/cjs/loader:1246:12)
    at TracingChannel.traceSync (node:diagnostics_channel:322:14)
    at wrapModuleLoad (node:internal/modules/cjs/loader:235:24)
    at Module.require (node:internal/modules/cjs/loader:1445:12)
    at require (node:internal/modules/helpers:135:16)
2025-10-16 21:37:59 [ERROR]: 未捕获的异常: @prisma/client did not initialize yet. Please run "prisma generate" and try to import it again.
Error: @prisma/client did not initialize yet. Please run "prisma generate" and try to import it again.
    at new PrismaClient (c:\universe\GitHub_try\IEclub_dev\ieclub-backend\node_modules\.prisma\client\default.js:43:11)
    at Object.<anonymous> (c:\universe\GitHub_try\IEclub_dev\ieclub-backend\src\middleware\auth.js:10:16)
    at Module._compile (node:internal/modules/cjs/loader:1688:14)
    at Object..js (node:internal/modules/cjs/loader:1820:10)
    at Module.load (node:internal/modules/cjs/loader:1423:32)
    at Function._load (node:internal/modules/cjs/loader:1246:12)
    at TracingChannel.traceSync (node:diagnostics_channel:322:14)
    at wrapModuleLoad (node:internal/modules/cjs/loader:235:24)
    at Module.require (node:internal/modules/cjs/loader:1445:12)
    at require (node:internal/modules/helpers:135:16)
2025-10-16 21:38:14 [ERROR]: 未捕获的异常: @prisma/client did not initialize yet. Please run "prisma generate" and try to import it again.
Error: @prisma/client did not initialize yet. Please run "prisma generate" and try to import it again.
    at new PrismaClient (c:\universe\GitHub_try\IEclub_dev\ieclub-backend\node_modules\.prisma\client\default.js:43:11)
    at Object.<anonymous> (c:\universe\GitHub_try\IEclub_dev\ieclub-backend\src\middleware\auth.js:10:16)
    at Module._compile (node:internal/modules/cjs/loader:1688:14)
    at Object..js (node:internal/modules/cjs/loader:1820:10)
    at Module.load (node:internal/modules/cjs/loader:1423:32)
    at Function._load (node:internal/modules/cjs/loader:1246:12)
    at TracingChannel.traceSync (node:diagnostics_channel:322:14)
    at wrapModuleLoad (node:internal/modules/cjs/loader:235:24)
    at Module.require (node:internal/modules/cjs/loader:1445:12)
    at require (node:internal/modules/helpers:135:16)
2025-10-16 21:38:32 [ERROR]: 未捕获的异常: @prisma/client did not initialize yet. Please run "prisma generate" and try to import it again.
Error: @prisma/client did not initialize yet. Please run "prisma generate" and try to import it again.
    at new PrismaClient (c:\universe\GitHub_try\IEclub_dev\ieclub-backend\node_modules\.prisma\client\default.js:43:11)
    at Object.<anonymous> (c:\universe\GitHub_try\IEclub_dev\ieclub-backend\src\middleware\auth.js:10:16)
    at Module._compile (node:internal/modules/cjs/loader:1688:14)
    at Object..js (node:internal/modules/cjs/loader:1820:10)
    at Module.load (node:internal/modules/cjs/loader:1423:32)
    at Function._load (node:internal/modules/cjs/loader:1246:12)
    at TracingChannel.traceSync (node:diagnostics_channel:322:14)
    at wrapModuleLoad (node:internal/modules/cjs/loader:235:24)
    at Module.require (node:internal/modules/cjs/loader:1445:12)
    at require (node:internal/modules/helpers:135:16)
2025-10-16 21:38:48 [ERROR]: 未捕获的异常: @prisma/client did not initialize yet. Please run "prisma generate" and try to import it again.
Error: @prisma/client did not initialize yet. Please run "prisma generate" and try to import it again.
    at new PrismaClient (c:\universe\GitHub_try\IEclub_dev\ieclub-backend\node_modules\.prisma\client\default.js:43:11)
    at Object.<anonymous> (c:\universe\GitHub_try\IEclub_dev\ieclub-backend\src\middleware\auth.js:10:16)
    at Module._compile (node:internal/modules/cjs/loader:1688:14)
    at Object..js (node:internal/modules/cjs/loader:1820:10)
    at Module.load (node:internal/modules/cjs/loader:1423:32)
    at Function._load (node:internal/modules/cjs/loader:1246:12)
    at TracingChannel.traceSync (node:diagnostics_channel:322:14)
    at wrapModuleLoad (node:internal/modules/cjs/loader:235:24)
    at Module.require (node:internal/modules/cjs/loader:1445:12)
    at require (node:internal/modules/helpers:135:16)
2025-10-16 21:39:04 [ERROR]: 未捕获的异常: @prisma/client did not initialize yet. Please run "prisma generate" and try to import it again.
Error: @prisma/client did not initialize yet. Please run "prisma generate" and try to import it again.
    at new PrismaClient (c:\universe\GitHub_try\IEclub_dev\ieclub-backend\node_modules\.prisma\client\default.js:43:11)
    at Object.<anonymous> (c:\universe\GitHub_try\IEclub_dev\ieclub-backend\src\middleware\auth.js:10:16)
    at Module._compile (node:internal/modules/cjs/loader:1688:14)
    at Object..js (node:internal/modules/cjs/loader:1820:10)
    at Module.load (node:internal/modules/cjs/loader:1423:32)
    at Function._load (node:internal/modules/cjs/loader:1246:12)
    at TracingChannel.traceSync (node:diagnostics_channel:322:14)
    at wrapModuleLoad (node:internal/modules/cjs/loader:235:24)
    at Module.require (node:internal/modules/cjs/loader:1445:12)
    at require (node:internal/modules/helpers:135:16)
2025-10-16 21:39:23 [ERROR]: 未捕获的异常: @prisma/client did not initialize yet. Please run "prisma generate" and try to import it again.
Error: @prisma/client did not initialize yet. Please run "prisma generate" and try to import it again.
    at new PrismaClient (c:\universe\GitHub_try\IEclub_dev\ieclub-backend\node_modules\.prisma\client\default.js:43:11)
    at Object.<anonymous> (c:\universe\GitHub_try\IEclub_dev\ieclub-backend\src\middleware\auth.js:10:16)
    at Module._compile (node:internal/modules/cjs/loader:1688:14)
    at Object..js (node:internal/modules/cjs/loader:1820:10)
    at Module.load (node:internal/modules/cjs/loader:1423:32)
    at Function._load (node:internal/modules/cjs/loader:1246:12)
    at TracingChannel.traceSync (node:diagnostics_channel:322:14)
    at wrapModuleLoad (node:internal/modules/cjs/loader:235:24)
    at Module.require (node:internal/modules/cjs/loader:1445:12)
    at require (node:internal/modules/helpers:135:16)
2025-10-16 21:39:39 [ERROR]: 未捕获的异常: @prisma/client did not initialize yet. Please run "prisma generate" and try to import it again.
Error: @prisma/client did not initialize yet. Please run "prisma generate" and try to import it again.
    at new PrismaClient (c:\universe\GitHub_try\IEclub_dev\ieclub-backend\node_modules\.prisma\client\default.js:43:11)
    at Object.<anonymous> (c:\universe\GitHub_try\IEclub_dev\ieclub-backend\src\middleware\auth.js:10:16)
    at Module._compile (node:internal/modules/cjs/loader:1688:14)
    at Object..js (node:internal/modules/cjs/loader:1820:10)
    at Module.load (node:internal/modules/cjs/loader:1423:32)
    at Function._load (node:internal/modules/cjs/loader:1246:12)
    at TracingChannel.traceSync (node:diagnostics_channel:322:14)
    at wrapModuleLoad (node:internal/modules/cjs/loader:235:24)
    at Module.require (node:internal/modules/cjs/loader:1445:12)
    at require (node:internal/modules/helpers:135:16)
2025-10-16 21:40:09 [ERROR]: 未捕获的异常: @prisma/client did not initialize yet. Please run "prisma generate" and try to import it again.
Error: @prisma/client did not initialize yet. Please run "prisma generate" and try to import it again.
    at new PrismaClient (c:\universe\GitHub_try\IEclub_dev\ieclub-backend\node_modules\.prisma\client\default.js:43:11)
    at Object.<anonymous> (c:\universe\GitHub_try\IEclub_dev\ieclub-backend\src\middleware\auth.js:10:16)
    at Module._compile (node:internal/modules/cjs/loader:1688:14)
    at Object..js (node:internal/modules/cjs/loader:1820:10)
    at Module.load (node:internal/modules/cjs/loader:1423:32)
    at Function._load (node:internal/modules/cjs/loader:1246:12)
    at TracingChannel.traceSync (node:diagnostics_channel:322:14)
    at wrapModuleLoad (node:internal/modules/cjs/loader:235:24)
    at Module.require (node:internal/modules/cjs/loader:1445:12)
    at require (node:internal/modules/helpers:135:16)
2025-10-16 21:50:34 [ERROR]: 未捕获的异常: Router.use() requires a middleware function but got a undefined
TypeError: Router.use() requires a middleware function but got a undefined
    at Function.use (c:\universe\GitHub_try\IEclub_dev\ieclub-backend\node_modules\express\lib\router\index.js:469:13)
    at Function.<anonymous> (c:\universe\GitHub_try\IEclub_dev\ieclub-backend\node_modules\express\lib\application.js:227:21)
    at Array.forEach (<anonymous>)
    at Function.use (c:\universe\GitHub_try\IEclub_dev\ieclub-backend\node_modules\express\lib\application.js:224:7)
    at Object.<anonymous> (c:\universe\GitHub_try\IEclub_dev\ieclub-backend\src\app.js:105:5)
    at Module._compile (node:internal/modules/cjs/loader:1688:14)
    at Object..js (node:internal/modules/cjs/loader:1820:10)
    at Module.load (node:internal/modules/cjs/loader:1423:32)
    at Function._load (node:internal/modules/cjs/loader:1246:12)
    at TracingChannel.traceSync (node:diagnostics_channel:322:14)
